Exception in thread "AWT-EventQueue-0" java.util.ConcurrentModificationException
	at java.base/java.util.ArrayList$Itr.checkForComodification(ArrayList.java:1013)
	at java.base/java.util.ArrayList$Itr.next(ArrayList.java:967)
	at UmbrellaPanel.paintComponent(UmbrellaPanel.java:58)
	at java.desktop/javax.swing.JComponent.paint(JComponent.java:1119)
	at java.desktop/javax.swing.JComponent.paintToOffscreen(JComponent.java:5311)
	at java.desktop/javax.swing.RepaintManager$PaintManager.paintDoubleBufferedImpl(RepaintManager.java:1657)
	at java.desktop/javax.swing.RepaintManager$PaintManager.paintDoubleBuffered(RepaintManager.java:1632)
	at java.desktop/javax.swing.RepaintManager$PaintManager.paint(RepaintManager.java:1570)
	at java.desktop/javax.swing.RepaintManager.paint(RepaintManager.java:1337)
	at java.desktop/javax.swing.JComponent._paintImmediately(JComponent.java:5259)
	at java.desktop/javax.swing.JComponent.paintImmediately(JComponent.java:5069)
	at java.desktop/javax.swing.RepaintManager$4.run(RepaintManager.java:879)
	at java.desktop/javax.swing.RepaintManager$4.run(RepaintManager.java:862)
	at java.base/java.security.AccessController.doPrivileged(AccessController.java:399)
	at java.base/java.security.ProtectionDomain$JavaSecurityAccessImpl.doIntersectionPrivilege(ProtectionDomain.java:86)
	at java.desktop/javax.swing.RepaintManager.paintDirtyRegions(RepaintManager.java:862)
	at java.desktop/javax.swing.RepaintManager.paintDirtyRegions(RepaintManager.java:835)
	at java.desktop/javax.swing.RepaintManager.prePaintDirtyRegions(RepaintManager.java:784)
	at java.desktop/javax.swing.RepaintManager$ProcessingRunnable.run(RepaintManager.java:1898)
	at java.desktop/java.awt.event.InvocationEvent.dispatch(InvocationEvent.java:318)
	at java.desktop/java.awt.EventQueue.dispatchEventImpl(EventQueue.java:771)
	at java.desktop/java.awt.EventQueue$4.run(EventQueue.java:722)
	at java.desktop/java.awt.EventQueue$4.run(EventQueue.java:716)
	at java.base/java.security.AccessController.doPrivileged(AccessController.java:399)
	at java.base/java.security.ProtectionDomain$JavaSecurityAccessImpl.doIntersectionPrivilege(ProtectionDomain.java:86)
	at java.desktop/java.awt.EventQueue.dispatchEvent(EventQueue.java:741)
	at java.desktop/java.awt.EventDispatchThread.pumpOneEventForFilters(EventDispatchThread.java:203)
	at java.desktop/java.awt.EventDispatchThread.pumpEventsForFilter(EventDispatchThread.java:124)
	at java.desktop/java.awt.EventDispatchThread.pumpEventsForHierarchy(EventDispatchThread.java:113)
	at java.desktop/java.awt.EventDispatchThread.pumpEvents(EventDispatchThread.java:109)
	at java.desktop/java.awt.EventDispatchThread.pumpEvents(EventDispatchThread.java:101)
	at java.desktop/java.awt.EventDispatchThread.run(EventDispatchThread.java:90)
Exception in thread "AWT-EventQueue-0" java.util.ConcurrentModificationException
	at java.base/java.util.ArrayList$Itr.checkForComodification(ArrayList.java:1013)
	at java.base/java.util.ArrayList$Itr.next(ArrayList.java:967)
	at UmbrellaPanel.paintComponent(UmbrellaPanel.java:58)
	at java.desktop/javax.swing.JComponent.paint(JComponent.java:1119)
	at java.desktop/javax.swing.JComponent.paintChildren(JComponent.java:952)
	at java.desktop/javax.swing.JComponent.paint(JComponent.java:1128)
	at java.desktop/javax.swing.JComponent.paintChildren(JComponent.java:952)
	at java.desktop/javax.swing.JComponent.paint(JComponent.java:1128)
	at java.desktop/javax.swing.JLayeredPane.paint(JLayeredPane.java:586)
	at java.desktop/javax.swing.JComponent.paintChildren(JComponent.java:952)
	at java.desktop/javax.swing.JComponent.paintToOffscreen(JComponent.java:5318)
	at java.desktop/javax.swing.RepaintManager$PaintManager.paintDoubleBufferedImpl(RepaintManager.java:1657)
	at java.desktop/javax.swing.RepaintManager$PaintManager.paintDoubleBuffered(RepaintManager.java:1632)
	at java.desktop/javax.swing.RepaintManager$PaintManager.paint(RepaintManager.java:1570)
	at java.desktop/javax.swing.RepaintManager.paint(RepaintManager.java:1337)
	at java.desktop/javax.swing.JComponent.paint(JComponent.java:1105)
	at java.desktop/java.awt.GraphicsCallback$PaintCallback.run(GraphicsCallback.java:39)
	at java.desktop/sun.awt.SunGraphicsCallback.runOneComponent(SunGraphicsCallback.java:75)
	at java.desktop/sun.awt.SunGraphicsCallback.runComponents(SunGraphicsCallback.java:112)
	at java.desktop/java.awt.Container.paint(Container.java:2005)
	at java.desktop/java.awt.Window.paint(Window.java:3959)
	at java.desktop/javax.swing.RepaintManager$4.run(RepaintManager.java:890)
	at java.desktop/javax.swing.RepaintManager$4.run(RepaintManager.java:862)
	at java.base/java.security.AccessController.doPrivileged(AccessController.java:399)
	at java.base/java.security.ProtectionDomain$JavaSecurityAccessImpl.doIntersectionPrivilege(ProtectionDomain.java:86)
	at java.desktop/javax.swing.RepaintManager.paintDirtyRegions(RepaintManager.java:862)
	at java.desktop/javax.swing.RepaintManager.paintDirtyRegions(RepaintManager.java:835)
	at java.desktop/javax.swing.RepaintManager.prePaintDirtyRegions(RepaintManager.java:784)
	at java.desktop/javax.swing.RepaintManager$ProcessingRunnable.run(RepaintManager.java:1898)
	at java.desktop/java.awt.event.InvocationEvent.dispatch(InvocationEvent.java:318)
	at java.desktop/java.awt.EventQueue.dispatchEventImpl(EventQueue.java:771)
	at java.desktop/java.awt.EventQueue$4.run(EventQueue.java:722)
	at java.desktop/java.awt.EventQueue$4.run(EventQueue.java:716)
	at java.base/java.security.AccessController.doPrivileged(AccessController.java:399)
	at java.base/java.security.ProtectionDomain$JavaSecurityAccessImpl.doIntersectionPrivilege(ProtectionDomain.java:86)
	at java.desktop/java.awt.EventQueue.dispatchEvent(EventQueue.java:741)
	at java.desktop/java.awt.EventDispatchThread.pumpOneEventForFilters(EventDispatchThread.java:203)
	at java.desktop/java.awt.EventDispatchThread.pumpEventsForFilter(EventDispatchThread.java:124)
	at java.desktop/java.awt.EventDispatchThread.pumpEventsForHierarchy(EventDispatchThread.java:113)
	at java.desktop/java.awt.EventDispatchThread.pumpEvents(EventDispatchThread.java:109)
	at java.desktop/java.awt.EventDispatchThread.pumpEvents(EventDispatchThread.java:101)
	at java.desktop/java.awt.EventDispatchThread.run(EventDispatchThread.java:90)
